<?xml version="1.0" encoding="UTF-8"?>
<testng-results skipped="0" failed="0" ignored="0" total="1" passed="1">
  <reporter-output>
  </reporter-output>
  <suite name="Default suite" duration-ms="2302" started-at="2021-04-13T14:15:15 IST" finished-at="2021-04-13T14:15:18 IST">
    <groups>
    </groups>
    <test name="Default test" duration-ms="2302" started-at="2021-04-13T14:15:15 IST" finished-at="2021-04-13T14:15:18 IST">
      <class name="com.functionaltesting.GetResponses">
        <test-method status="PASS" signature="baseTest()[pri:0, instance:com.functionaltesting.GetResponses@305fd85d]" name="baseTest" is-config="true" duration-ms="240" started-at="2021-04-13T14:15:15 IST" finished-at="2021-04-13T14:15:16 IST">
          <reporter-output>
          </reporter-output>
        </test-method> <!-- baseTest -->
        <test-method status="PASS" signature="getRequest()[pri:0, instance:com.functionaltesting.GetResponses@305fd85d]" name="getRequest" duration-ms="1914" started-at="2021-04-13T14:15:16 IST" finished-at="2021-04-13T14:15:18 IST">
          <reporter-output>
          </reporter-output>
        </test-method> <!-- getRequest -->
      </class> <!-- com.functionaltesting.GetResponses -->
    </test> <!-- Default test -->
  </suite> <!-- Default suite -->
</testng-results>
